2024-07-11 18:23:53.882  INFO 30129 --- [File Watcher] rtingClassPathChangeChangedEventListener : Restarting due to 1 class path change (0 additions, 0 deletions, 1 modification)
2024-07-11 18:23:53.887  INFO 30129 --- [Thread-8] o.apache.catalina.core.StandardService   : Stopping service [Tomcat]
2024-07-11 18:23:53.890  INFO 30129 --- [Thread-8] o.a.c.c.C.[Tomcat].[localhost].[/]       : Destroying Spring FrameworkServlet 'dispatcherServlet'
2024-07-11 18:23:53.893  WARN 30129 --- [Thread-8] o.a.c.loader.WebappClassLoaderBase       : The web application [ROOT] appears to have started a thread named [logback-11] but has failed to stop it. This is very likely to create a memory leak. Stack trace of thread:
 java.base@17.0.6/jdk.internal.misc.Unsafe.park(Native Method)
 java.base@17.0.6/java.util.concurrent.locks.LockSupport.park(LockSupport.java:341)
 java.base@17.0.6/java.util.concurrent.locks.AbstractQueuedSynchronizer$ConditionNode.block(AbstractQueuedSynchronizer.java:506)
 java.base@17.0.6/java.util.concurrent.ForkJoinPool.unmanagedBlock(ForkJoinPool.java:3463)
 java.base@17.0.6/java.util.concurrent.ForkJoinPool.managedBlock(ForkJoinPool.java:3434)
 java.base@17.0.6/java.util.concurrent.locks.AbstractQueuedSynchronizer$ConditionObject.await(AbstractQueuedSynchronizer.java:1623)
 java.base@17.0.6/java.util.concurrent.ScheduledThreadPoolExecutor$DelayedWorkQueue.take(ScheduledThreadPoolExecutor.java:1170)
 java.base@17.0.6/java.util.concurrent.ScheduledThreadPoolExecutor$DelayedWorkQueue.take(ScheduledThreadPoolExecutor.java:899)
 java.base@17.0.6/java.util.concurrent.ThreadPoolExecutor.getTask(ThreadPoolExecutor.java:1062)
 java.base@17.0.6/java.util.concurrent.ThreadPoolExecutor.runWorker(ThreadPoolExecutor.java:1122)
 java.base@17.0.6/java.util.concurrent.ThreadPoolExecutor$Worker.run(ThreadPoolExecutor.java:635)
 java.base@17.0.6/java.lang.Thread.run(Thread.java:833)
2024-07-11 18:23:53.894  WARN 30129 --- [Thread-8] o.a.c.loader.WebappClassLoaderBase       : The web application [ROOT] appears to have started a thread named [logback-12] but has failed to stop it. This is very likely to create a memory leak. Stack trace of thread:
 java.base@17.0.6/jdk.internal.misc.Unsafe.park(Native Method)
 java.base@17.0.6/java.util.concurrent.locks.LockSupport.park(LockSupport.java:341)
 java.base@17.0.6/java.util.concurrent.locks.AbstractQueuedSynchronizer$ConditionNode.block(AbstractQueuedSynchronizer.java:506)
 java.base@17.0.6/java.util.concurrent.ForkJoinPool.unmanagedBlock(ForkJoinPool.java:3463)
 java.base@17.0.6/java.util.concurrent.ForkJoinPool.managedBlock(ForkJoinPool.java:3434)
 java.base@17.0.6/java.util.concurrent.locks.AbstractQueuedSynchronizer$ConditionObject.await(AbstractQueuedSynchronizer.java:1623)
 java.base@17.0.6/java.util.concurrent.ScheduledThreadPoolExecutor$DelayedWorkQueue.take(ScheduledThreadPoolExecutor.java:1170)
 java.base@17.0.6/java.util.concurrent.ScheduledThreadPoolExecutor$DelayedWorkQueue.take(ScheduledThreadPoolExecutor.java:899)
 java.base@17.0.6/java.util.concurrent.ThreadPoolExecutor.getTask(ThreadPoolExecutor.java:1062)
 java.base@17.0.6/java.util.concurrent.ThreadPoolExecutor.runWorker(ThreadPoolExecutor.java:1122)
 java.base@17.0.6/java.util.concurrent.ThreadPoolExecutor$Worker.run(ThreadPoolExecutor.java:635)
 java.base@17.0.6/java.lang.Thread.run(Thread.java:833)
2024-07-11 18:23:53.900  INFO 30129 --- [Thread-8] com.zaxxer.hikari.HikariDataSource       : HikariPool-2 - Shutdown initiated...
2024-07-11 18:23:53.903  INFO 30129 --- [Thread-8] com.zaxxer.hikari.HikariDataSource       : HikariPool-2 - Shutdown completed.
2024-07-11 18:23:54.031  INFO 30129 --- [restartedMain] l.m.community.CommunityApplication       : Starting CommunityApplication using Java 17.0.6 on sam-Latitude-5450 with PID 30129 (/home/sam/IdeaProjects/community/target/classes started by sam in /home/sam/IdeaProjects/community)
2024-07-11 18:23:54.031  INFO 30129 --- [restartedMain] l.m.community.CommunityApplication       : No active profile set, falling back to 1 default profile: "default"
2024-07-11 18:23:54.412  INFO 30129 --- [restartedMain] o.s.b.w.embedded.tomcat.TomcatWebServer  : Tomcat initialized with port(s): 8887 (http)
2024-07-11 18:23:54.414  INFO 30129 --- [restartedMain] o.apache.catalina.core.StandardService   : Starting service [Tomcat]
2024-07-11 18:23:54.414  INFO 30129 --- [restartedMain] org.apache.catalina.core.StandardEngine  : Starting Servlet engine: [Apache Tomcat/9.0.68]
2024-07-11 18:23:54.429  INFO 30129 --- [restartedMain] o.a.c.c.C.[Tomcat].[localhost].[/]       : Initializing Spring embedded WebApplicationContext
2024-07-11 18:23:54.429  INFO 30129 --- [restartedMain] w.s.c.ServletWebServerApplicationContext : Root WebApplicationContext: initialization completed in 394 ms
2024-07-11 18:23:54.461  INFO 30129 --- [restartedMain] com.zaxxer.hikari.HikariDataSource       : HikariPool-3 - Starting...
2024-07-11 18:23:54.463  INFO 30129 --- [restartedMain] com.zaxxer.hikari.HikariDataSource       : HikariPool-3 - Start completed.
2024-07-11 18:23:54.463  INFO 30129 --- [restartedMain] o.s.b.a.h2.H2ConsoleAutoConfiguration    : H2 console available at '/h2-console'. Database available at 'jdbc:h2:~/community'
2024-07-11 18:23:54.903  INFO 30129 --- [restartedMain] o.s.b.d.a.OptionalLiveReloadServer       : LiveReload server is running on port 35729
2024-07-11 18:23:54.933  INFO 30129 --- [restartedMain] o.s.b.w.embedded.tomcat.TomcatWebServer  : Tomcat started on port(s): 8887 (http) with context path ''
2024-07-11 18:23:54.943  INFO 30129 --- [restartedMain] l.m.community.CommunityApplication       : Started CommunityApplication in 0.956 seconds (JVM running for 252.681)
2024-07-11 18:23:54.947  INFO 30129 --- [restartedMain] .ConditionEvaluationDeltaLoggingListener : Condition evaluation unchanged
2024-07-11 18:23:54.951  INFO 30129 --- [http-nio-8887-exec-2] o.a.c.c.C.[Tomcat].[localhost].[/]       : Initializing Spring DispatcherServlet 'dispatcherServlet'
2024-07-11 18:23:54.952  INFO 30129 --- [http-nio-8887-exec-2] o.s.web.servlet.DispatcherServlet        : Initializing Servlet 'dispatcherServlet'
2024-07-11 18:23:54.953  INFO 30129 --- [http-nio-8887-exec-2] o.s.web.servlet.DispatcherServlet        : Completed initialization in 1 ms
2024-07-11 18:23:54.960 DEBUG 30129 --- [http-nio-8887-exec-2] l.m.c.mapper.UserMapper.selectByExample  : ==>  Preparing: select ID, ACCOUNT_ID, NAME, TOKEN, GMT_CREATE, GMT_MODIFIED, PASSWORD, BIO, AVATAR_URL from USERTABLE WHERE ( TOKEN = ? )
2024-07-11 18:23:54.962 DEBUG 30129 --- [http-nio-8887-exec-2] l.m.c.mapper.UserMapper.selectByExample  : ==> Parameters: 50c9418a-e805-49b4-b5da-acfd824c67b1(String)
2024-07-11 18:23:54.964 DEBUG 30129 --- [http-nio-8887-exec-2] l.m.c.mapper.UserMapper.selectByExample  : <==      Total: 1
2024-07-11 18:23:54.972 DEBUG 30129 --- [http-nio-8887-exec-2] l.m.c.m.N.countByExample                 : ==>  Preparing: select count(*) from NOTIFICATION WHERE ( RECEIVER = ? and STATUS = ? )
2024-07-11 18:23:54.973 DEBUG 30129 --- [http-nio-8887-exec-2] l.m.c.m.N.countByExample                 : ==> Parameters: 65(Long), 0(Integer)
2024-07-11 18:23:54.975 DEBUG 30129 --- [http-nio-8887-exec-2] l.m.c.m.N.countByExample                 : <==      Total: 1
2024-07-11 18:23:54.977 DEBUG 30129 --- [http-nio-8887-exec-2] l.m.c.m.Q.selectByPrimaryKey             : ==>  Preparing: select ID, TITLE, DESCRIPTION, GMT_CREATE, GMT_MODIFIED, CREATOR, COMMENT_COUNT, VIEW_COUNT, LIKE_COUNT, TAG from QUESTION where ID = ?
2024-07-11 18:23:54.979 DEBUG 30129 --- [http-nio-8887-exec-2] l.m.c.m.Q.selectByPrimaryKey             : ==> Parameters: 230(Long)
2024-07-11 18:23:54.980 DEBUG 30129 --- [http-nio-8887-exec-2] l.m.c.m.Q.selectByPrimaryKey             : <==      Total: 1
2024-07-11 18:23:54.988 DEBUG 30129 --- [http-nio-8887-exec-2] l.m.c.m.UserMapper.selectByPrimaryKey    : ==>  Preparing: select ID, ACCOUNT_ID, NAME, TOKEN, GMT_CREATE, GMT_MODIFIED, PASSWORD, BIO, AVATAR_URL from USERTABLE where ID = ?
2024-07-11 18:23:55.000 DEBUG 30129 --- [http-nio-8887-exec-2] l.m.c.m.UserMapper.selectByPrimaryKey    : ==> Parameters: 65(Long)
2024-07-11 18:23:55.001 DEBUG 30129 --- [http-nio-8887-exec-2] l.m.c.m.UserMapper.selectByPrimaryKey    : <==      Total: 1
2024-07-11 18:23:55.003 DEBUG 30129 --- [http-nio-8887-exec-2] l.m.c.m.QuestionExtMapper.selectRelated  : ==>  Preparing: select * from QUESTION where id != ? and tag regexp ?
2024-07-11 18:23:55.004 DEBUG 30129 --- [http-nio-8887-exec-2] l.m.c.m.QuestionExtMapper.selectRelated  : ==> Parameters: 230(Long), spring(String)
2024-07-11 18:23:55.006 DEBUG 30129 --- [http-nio-8887-exec-2] l.m.c.m.QuestionExtMapper.selectRelated  : <==      Total: 2
2024-07-11 18:23:55.026 DEBUG 30129 --- [http-nio-8887-exec-2] l.m.c.m.CommentMapper.selectByExample    : ==>  Preparing: select ID, PARENT_ID, TYPE, COMMENTATOR, GMT_CREATE, GMT_MODIFIED, LIKE_COUNT, CONTENT, COMMENT_COUNT from COMMENT WHERE ( PARENT_ID = ? and TYPE = ? ) order by gmt_create ASC
2024-07-11 18:23:55.029 DEBUG 30129 --- [http-nio-8887-exec-2] l.m.c.m.CommentMapper.selectByExample    : ==> Parameters: 230(Long), 1(Integer)
2024-07-11 18:23:55.031 DEBUG 30129 --- [http-nio-8887-exec-2] l.m.c.m.CommentMapper.selectByExample    : <==      Total: 0
2024-07-11 18:23:55.032 DEBUG 30129 --- [http-nio-8887-exec-2] l.m.c.mapper.QuestionExtMapper.incView   : ==>  Preparing: update QUESTION set VIEW_COUNT = VIEW_COUNT + ? where id = ?
2024-07-11 18:23:55.034 DEBUG 30129 --- [http-nio-8887-exec-2] l.m.c.mapper.QuestionExtMapper.incView   : ==> Parameters: 1(Integer), 230(Long)
2024-07-11 18:23:55.036 DEBUG 30129 --- [http-nio-8887-exec-2] l.m.c.mapper.QuestionExtMapper.incView   : <==    Updates: 1
2024-07-11 18:26:20.149  INFO 30129 --- [File Watcher] rtingClassPathChangeChangedEventListener : Restarting due to 1 class path change (0 additions, 0 deletions, 1 modification)
2024-07-11 18:26:20.155  INFO 30129 --- [Thread-12] o.apache.catalina.core.StandardService   : Stopping service [Tomcat]
2024-07-11 18:26:20.162  INFO 30129 --- [Thread-12] o.a.c.c.C.[Tomcat].[localhost].[/]       : Destroying Spring FrameworkServlet 'dispatcherServlet'
2024-07-11 18:26:20.170  INFO 30129 --- [Thread-12] com.zaxxer.hikari.HikariDataSource       : HikariPool-3 - Shutdown initiated...
2024-07-11 18:26:20.173  INFO 30129 --- [Thread-12] com.zaxxer.hikari.HikariDataSource       : HikariPool-3 - Shutdown completed.
2024-07-11 18:26:20.315  INFO 30129 --- [restartedMain] l.m.community.CommunityApplication       : Starting CommunityApplication using Java 17.0.6 on sam-Latitude-5450 with PID 30129 (/home/sam/IdeaProjects/community/target/classes started by sam in /home/sam/IdeaProjects/community)
2024-07-11 18:26:20.315  INFO 30129 --- [restartedMain] l.m.community.CommunityApplication       : No active profile set, falling back to 1 default profile: "default"
2024-07-11 18:26:20.776  INFO 30129 --- [restartedMain] o.s.b.w.embedded.tomcat.TomcatWebServer  : Tomcat initialized with port(s): 8887 (http)
2024-07-11 18:26:20.778  INFO 30129 --- [restartedMain] o.apache.catalina.core.StandardService   : Starting service [Tomcat]
2024-07-11 18:26:20.778  INFO 30129 --- [restartedMain] org.apache.catalina.core.StandardEngine  : Starting Servlet engine: [Apache Tomcat/9.0.68]
2024-07-11 18:26:20.791  INFO 30129 --- [restartedMain] o.a.c.c.C.[Tomcat].[localhost].[/]       : Initializing Spring embedded WebApplicationContext
2024-07-11 18:26:20.791  INFO 30129 --- [restartedMain] w.s.c.ServletWebServerApplicationContext : Root WebApplicationContext: initialization completed in 473 ms
2024-07-11 18:26:20.831  INFO 30129 --- [restartedMain] com.zaxxer.hikari.HikariDataSource       : HikariPool-4 - Starting...
2024-07-11 18:26:20.833  INFO 30129 --- [restartedMain] com.zaxxer.hikari.HikariDataSource       : HikariPool-4 - Start completed.
2024-07-11 18:26:20.833  INFO 30129 --- [restartedMain] o.s.b.a.h2.H2ConsoleAutoConfiguration    : H2 console available at '/h2-console'. Database available at 'jdbc:h2:~/community'
2024-07-11 18:26:21.438  INFO 30129 --- [restartedMain] o.s.b.d.a.OptionalLiveReloadServer       : LiveReload server is running on port 35729
2024-07-11 18:26:21.492  INFO 30129 --- [restartedMain] o.s.b.w.embedded.tomcat.TomcatWebServer  : Tomcat started on port(s): 8887 (http) with context path ''
2024-07-11 18:26:21.504  INFO 30129 --- [restartedMain] l.m.community.CommunityApplication       : Started CommunityApplication in 1.229 seconds (JVM running for 399.241)
2024-07-11 18:26:21.515  INFO 30129 --- [restartedMain] .ConditionEvaluationDeltaLoggingListener : Condition evaluation unchanged
2024-07-11 18:26:21.562  INFO 30129 --- [http-nio-8887-exec-1] o.a.c.c.C.[Tomcat].[localhost].[/]       : Initializing Spring DispatcherServlet 'dispatcherServlet'
2024-07-11 18:26:21.562  INFO 30129 --- [http-nio-8887-exec-1] o.s.web.servlet.DispatcherServlet        : Initializing Servlet 'dispatcherServlet'
2024-07-11 18:26:21.567  INFO 30129 --- [http-nio-8887-exec-1] o.s.web.servlet.DispatcherServlet        : Completed initialization in 2 ms
2024-07-11 18:26:21.585 DEBUG 30129 --- [http-nio-8887-exec-1] l.m.c.mapper.UserMapper.selectByExample  : ==>  Preparing: select ID, ACCOUNT_ID, NAME, TOKEN, GMT_CREATE, GMT_MODIFIED, PASSWORD, BIO, AVATAR_URL from USERTABLE WHERE ( TOKEN = ? )
2024-07-11 18:26:21.589 DEBUG 30129 --- [http-nio-8887-exec-1] l.m.c.mapper.UserMapper.selectByExample  : ==> Parameters: 50c9418a-e805-49b4-b5da-acfd824c67b1(String)
2024-07-11 18:26:21.595 DEBUG 30129 --- [http-nio-8887-exec-1] l.m.c.mapper.UserMapper.selectByExample  : <==      Total: 1
2024-07-11 18:26:21.609 DEBUG 30129 --- [http-nio-8887-exec-1] l.m.c.m.N.countByExample                 : ==>  Preparing: select count(*) from NOTIFICATION WHERE ( RECEIVER = ? and STATUS = ? )
2024-07-11 18:26:21.614 DEBUG 30129 --- [http-nio-8887-exec-1] l.m.c.m.N.countByExample                 : ==> Parameters: 65(Long), 0(Integer)
2024-07-11 18:26:21.622 DEBUG 30129 --- [http-nio-8887-exec-1] l.m.c.m.N.countByExample                 : <==      Total: 1
2024-07-11 18:26:21.627 DEBUG 30129 --- [http-nio-8887-exec-1] l.m.c.m.Q.selectByPrimaryKey             : ==>  Preparing: select ID, TITLE, DESCRIPTION, GMT_CREATE, GMT_MODIFIED, CREATOR, COMMENT_COUNT, VIEW_COUNT, LIKE_COUNT, TAG from QUESTION where ID = ?
2024-07-11 18:26:21.634 DEBUG 30129 --- [http-nio-8887-exec-1] l.m.c.m.Q.selectByPrimaryKey             : ==> Parameters: 230(Long)
2024-07-11 18:26:21.635 DEBUG 30129 --- [http-nio-8887-exec-1] l.m.c.m.Q.selectByPrimaryKey             : <==      Total: 1
2024-07-11 18:26:21.655 DEBUG 30129 --- [http-nio-8887-exec-1] l.m.c.m.UserMapper.selectByPrimaryKey    : ==>  Preparing: select ID, ACCOUNT_ID, NAME, TOKEN, GMT_CREATE, GMT_MODIFIED, PASSWORD, BIO, AVATAR_URL from USERTABLE where ID = ?
2024-07-11 18:26:21.656 DEBUG 30129 --- [http-nio-8887-exec-1] l.m.c.m.UserMapper.selectByPrimaryKey    : ==> Parameters: 65(Long)
2024-07-11 18:26:21.657 DEBUG 30129 --- [http-nio-8887-exec-1] l.m.c.m.UserMapper.selectByPrimaryKey    : <==      Total: 1
2024-07-11 18:26:21.659 DEBUG 30129 --- [http-nio-8887-exec-1] l.m.c.m.QuestionExtMapper.selectRelated  : ==>  Preparing: select * from QUESTION where id != ? and tag regexp ?
2024-07-11 18:26:21.660 DEBUG 30129 --- [http-nio-8887-exec-1] l.m.c.m.QuestionExtMapper.selectRelated  : ==> Parameters: 230(Long), spring(String)
2024-07-11 18:26:21.663 DEBUG 30129 --- [http-nio-8887-exec-1] l.m.c.m.QuestionExtMapper.selectRelated  : <==      Total: 2
2024-07-11 18:26:21.704 DEBUG 30129 --- [http-nio-8887-exec-1] l.m.c.m.CommentMapper.selectByExample    : ==>  Preparing: select ID, PARENT_ID, TYPE, COMMENTATOR, GMT_CREATE, GMT_MODIFIED, LIKE_COUNT, CONTENT, COMMENT_COUNT from COMMENT WHERE ( PARENT_ID = ? and TYPE = ? ) order by gmt_create ASC
2024-07-11 18:26:21.712 DEBUG 30129 --- [http-nio-8887-exec-1] l.m.c.m.CommentMapper.selectByExample    : ==> Parameters: 230(Long), 1(Integer)
2024-07-11 18:26:21.713 DEBUG 30129 --- [http-nio-8887-exec-1] l.m.c.m.CommentMapper.selectByExample    : <==      Total: 0
2024-07-11 18:26:21.714 DEBUG 30129 --- [http-nio-8887-exec-1] l.m.c.mapper.QuestionExtMapper.incView   : ==>  Preparing: update QUESTION set VIEW_COUNT = VIEW_COUNT + ? where id = ?
2024-07-11 18:26:21.715 DEBUG 30129 --- [http-nio-8887-exec-1] l.m.c.mapper.QuestionExtMapper.incView   : ==> Parameters: 1(Integer), 230(Long)
2024-07-11 18:26:21.724 DEBUG 30129 --- [http-nio-8887-exec-1] l.m.c.mapper.QuestionExtMapper.incView   : <==    Updates: 1
